0 info it worked if it ends with ok
1 verbose cli [ 'C:\\Program Files\\nodejs\\node.exe',
1 verbose cli   'C:\\Program Files\\nodejs\\node_modules\\npm\\bin\\npm-cli.js',
1 verbose cli   'start' ]
2 info using npm@3.10.10
3 info using node@v6.10.2
4 verbose run-script [ 'prestart', 'start', 'poststart' ]
5 info lifecycle restifytest@0.0.1~prestart: restifytest@0.0.1
6 silly lifecycle restifytest@0.0.1~prestart: no script for prestart, continuing
7 info lifecycle restifytest@0.0.1~start: restifytest@0.0.1
8 verbose lifecycle restifytest@0.0.1~start: unsafe-perm in lifecycle true
9 verbose lifecycle restifytest@0.0.1~start: PATH: C:\Program Files\nodejs\node_modules\npm\bin\node-gyp-bin;D:\Programmering\HiQ\Nodejs\restifytest\node_modules\.bin;C:\ProgramData\Oracle\Java\javapath;C:\Program Files (x86)\NVIDIA Corporation\PhysX\Common;C:\Program Files (x86)\Intel\iCLS Client\;C:\Program Files\Intel\iCLS Client\;C:\Windows\system32;C:\Windows;C:\Windows\System32\Wbem;C:\Windows\System32\WindowsPowerShell\v1.0\;C:\Program Files\Intel\Intel(R) Management Engine Components\DAL;C:\Program Files\Intel\Intel(R) Management Engine Components\IPT;C:\Program Files (x86)\Intel\Intel(R) Management Engine Components\DAL;C:\Program Files (x86)\Intel\Intel(R) Management Engine Components\IPT;C:\Program Files\MySQL\MySQL Server 5.6\bin;C:\Program Files (x86)\Skype\Phone\;C:\Program Files\nodejs\;C:\Program Files\Git\cmd;C:\Windows\System32;C:\Python27;C:\Python27\python.exe;C:\Python27\Scripts\;C:\Python27\Lib\site-packages\django\bin;C:\Users\Caroline\AppData\Roaming\npm;C:\Users\Caroline\AppData\Roaming\npm;C:\Users\Caroline\AppData\Local\atom\bin;C:\Program Files\Docker Toolbox;C:\Program Files\Heroku\bin
10 verbose lifecycle restifytest@0.0.1~start: CWD: D:\Programmering\HiQ\Nodejs\restifytest
11 silly lifecycle restifytest@0.0.1~start: Args: [ '/d /s /c', 'node app.js' ]
12 silly lifecycle restifytest@0.0.1~start: Returned: code: 3221225786  signal: null
13 info lifecycle restifytest@0.0.1~start: Failed to exec start script
14 verbose stack Error: restifytest@0.0.1 start: `node app.js`
14 verbose stack Exit status 3221225786
14 verbose stack     at EventEmitter.<anonymous> (C:\Program Files\nodejs\node_modules\npm\lib\utils\lifecycle.js:255:16)
14 verbose stack     at emitTwo (events.js:106:13)
14 verbose stack     at EventEmitter.emit (events.js:191:7)
14 verbose stack     at ChildProcess.<anonymous> (C:\Program Files\nodejs\node_modules\npm\lib\utils\spawn.js:40:14)
14 verbose stack     at emitTwo (events.js:106:13)
14 verbose stack     at ChildProcess.emit (events.js:191:7)
14 verbose stack     at maybeClose (internal/child_process.js:886:16)
14 verbose stack     at Process.ChildProcess._handle.onexit (internal/child_process.js:226:5)
15 verbose pkgid restifytest@0.0.1
16 verbose cwd D:\Programmering\HiQ\Nodejs\restifytest
17 error Windows_NT 6.3.9600
18 error argv "C:\\Program Files\\nodejs\\node.exe" "C:\\Program Files\\nodejs\\node_modules\\npm\\bin\\npm-cli.js" "start"
19 error node v6.10.2
20 error npm  v3.10.10
21 error code ELIFECYCLE
22 error restifytest@0.0.1 start: `node app.js`
22 error Exit status 3221225786
23 error Failed at the restifytest@0.0.1 start script 'node app.js'.
23 error Make sure you have the latest version of node.js and npm installed.
23 error If you do, this is most likely a problem with the restifytest package,
23 error not with npm itself.
23 error Tell the author that this fails on your system:
23 error     node app.js
23 error You can get information on how to open an issue for this project with:
23 error     npm bugs restifytest
23 error Or if that isn't available, you can get their info via:
23 error     npm owner ls restifytest
23 error There is likely additional logging output above.
24 verbose exit [ 1, true ]
